# 1AGC : mono ['A', 'B', 'C']  [('A', 276), ('B', 99), ('C', 8)]
# pdbid: 1AGC  rm_chains: []
# 1AGD : mono ['A', 'B', 'C']  [('A', 276), ('B', 99), ('C', 8)]
# pdbid: 1AGD  rm_chains: []
# 1AKJ : mono ['A', 'B', 'C', 'D']  [('A', 276), ('B', 99), ('C', 9), ('D', 120), ('E', 120)]
# pdbid: 1AKJ  rm_chains: ['E']
# 1BMG : mono ['A']  [('A', 98)]
# pdbid: 1BMG  rm_chains: []
# 1DUY : mono ['A', 'B', 'C']  [('A', 275), ('B', 100), ('C', 8), ('D', 275), ('E', 100), ('F', 8)]
# pdbid: 1DUY  rm_chains: ['D', 'E', 'F']
# 1EEY : mono ['A', 'B', 'C']  [('A', 275), ('B', 100), ('C', 9), ('D', 275), ('E', 100), ('F', 9)]
# pdbid: 1EEY  rm_chains: ['D', 'E', 'F']
# 1IM9 : mono ['A', 'B', 'C', 'D']  [('A', 276), ('B', 100), ('C', 9), ('D', 225), ('E', 276), ('F', 100), ('G', 9)]
# pdbid: 1IM9  rm_chains: ['E', 'F', 'G']
# 1Q94 : mono ['A', 'B', 'C']  [('A', 275), ('B', 100), ('C', 9), ('D', 275), ('E', 100), ('F', 9)]
# pdbid: 1Q94  rm_chains: ['D', 'E', 'F']
# 1QQD : mono ['A', 'B', 'C']  [('A', 273), ('B', 99), ('C', 9)]
# pdbid: 1QQD  rm_chains: []
# 1W0V : mono ['A', 'B', 'C']  [('A', 276), ('B', 100), ('C', 9)]
# pdbid: 1W0V  rm_chains: []
# 1W72 : mono ['A', 'B', 'C', 'H', 'L']  [('A', 274), ('B', 100), ('C', 9), ('D', 274), ('E', 100), ('F', 9), ('H', 223), ('I', 223), ('L', 210), ('M', 210)]
# pdbid: 1W72  rm_chains: ['D', 'E', 'F', 'I', 'M']
# 1X7Q : mono ['A', 'B', 'C']  [('A', 275), ('B', 99), ('C', 9)]
# pdbid: 1X7Q  rm_chains: []
# 3LOW : mono ['A']  [('A', 100), ('B', 100)]
# pdbid: 3LOW  rm_chains: ['B']
# 4CMH : mono ['A', 'B', 'C']  [('A', 256), ('B', 234), ('C', 214)]
# pdbid: 4CMH  rm_chains: []
# 5SWQ : mono ['A', 'B', 'C']  [('A', 276), ('B', 99), ('C', 9)]
# pdbid: 5SWQ  rm_chains: []
# 5T6W : mono ['A', 'B', 'C']  [('A', 276), ('B', 99), ('C', 10)]
# pdbid: 5T6W  rm_chains: []
# 5W67 : mono ['A', 'B', 'C']  [('A', 276), ('B', 100), ('C', 9)]
# pdbid: 5W67  rm_chains: []
# 5WMN : mono ['A', 'B', 'E']  [('A', 276), ('B', 100), ('C', 276), ('D', 100), ('E', 9), ('F', 9)]
# pdbid: 5WMN  rm_chains: ['C', 'D', 'F']
# 6AND : mono ['H', 'K', 'L']  [('H', 223), ('K', 121), ('L', 219)]
# pdbid: 6AND  rm_chains: []
# 6AT9 : mono ['A', 'B', 'C']  [('A', 283), ('B', 100), ('C', 10)]
# pdbid: 6AT9  rm_chains: []
# 6AVF : mono ['A', 'B', 'H', 'M', 'P']  [('A', 207), ('B', 244), ('H', 362), ('M', 99), ('P', 13)]
# pdbid: 6AVF  rm_chains: []
# 6ENY : mono ['B', 'C', 'D', 'F', 'G']  [('B', 99), ('C', 428), ('D', 481), ('F', 341), ('G', 400)]
# pdbid: 6ENY  rm_chains: []
1AGC: A:276  B:99   C:8
1AGD: A:276  B:99   C:8
1AKJ: A:276  B:99   C:9    D:120
1BMG: A:98
# pdb: 1BMG  is not valide MHCI
1DUY: A:275  B:100  C:8
1EEY: A:275  B:100  C:9
1IM9: A:276  B:100  C:9    D:225
1Q94: A:275  B:100  C:9
1QQD: A:273  B:99   C:9
1W0V: A:276  B:100  C:9
1W72: A:274  B:100  C:9    H:223  L:210
1X7Q: A:275  B:99   C:9
3LOW: A:100
# pdb: 3LOW  is not valide MHCI
4CMH: A:256  B:234  C:214
5SWQ: A:276  B:99   C:9
5T6W: A:276  B:99   C:10
5W67: A:276  B:100  C:9
5WMN: A:276  B:100  E:9
6AND: H:223  K:121  L:219
6AT9: A:283  B:100  C:10
6AVF: A:207  B:244  H:362  M:99   P:13
6ENY: B:99   C:428  D:481  F:341  G:400
# ligand len:  8  num_pdb:    3
# ligand len:  9  num_pdb:   11
# ligand len: 10  num_pdb:    2
# ligand len: 13  num_pdb:    1
